#
# There is insufficient memory for the Java Runtime Environment to continue.
# Native memory allocation (mmap) failed to map 134217728 bytes. Error detail: G1 virtual space
# Possible reasons:
#   The system is out of physical RAM or swap space
#   This process is running with CompressedOops enabled, and the Java Heap may be blocking the growth of the native heap
# Possible solutions:
#   Reduce memory load on the system
#   Increase physical memory or swap space
#   Check if swap backing store is full
#   Decrease Java heap size (-Xmx/-Xms)
#   Decrease number of Java threads
#   Decrease Java thread stack sizes (-Xss)
#   Set larger code cache with -XX:ReservedCodeCacheSize=
#   JVM is running with Unscaled Compressed Oops mode in which the Java heap is
#     placed in the first 4GB address space. The Java Heap base address is the
#     maximum limit for the native heap growth. Please use -XX:HeapBaseMinAddress
#     to set the Java Heap base and to place the Java Heap above 4GB virtual address.
# This output file may be truncated or incomplete.
#
#  Out of Memory Error (os_windows.cpp:3703), pid=12488, tid=10200
#
# JRE version:  (23.0+37) (build )
# Java VM: Java HotSpot(TM) 64-Bit Server VM (23+37-2369, mixed mode, sharing, tiered, compressed oops, compressed class ptrs, g1 gc, windows-amd64)
# No core dump will be written. Minidumps are not enabled by default on client versions of Windows
#

---------------  S U M M A R Y ------------

Command Line: --enable-preview -XX:+ShowCodeDetailsInExceptionMessages AppTUI

Host: Intel(R) Core(TM) i3-2100 CPU @ 3.10GHz, 4 cores, 7G,  Windows 10 , 64 bit Build 19041 (10.0.19041.4842)
Time: Thu Dec 12 11:11:15 2024 Hora oficial do Brasil elapsed time: 0.032001 seconds (0d 0h 0m 0s)

---------------  T H R E A D  ---------------

Current thread (0x000002797294e270):  JavaThread "Unknown thread" [_thread_in_vm, id=10200, stack(0x000000bffaa00000,0x000000bffab00000) (1024K)]

Stack: [0x000000bffaa00000,0x000000bffab00000]
Native frames: (J=compiled Java code, j=interpreted, Vv=VM code, C=native code)
V  [jvm.dll+0x6e08a9]  (no source info available)
V  [jvm.dll+0x87da63]  (no source info available)
V  [jvm.dll+0x87feee]  (no source info available)
V  [jvm.dll+0x8805c3]  (no source info available)
V  [jvm.dll+0x27aee6]  (no source info available)
V  [jvm.dll+0x6dd1b5]  (no source info available)
V  [jvm.dll+0x6d103a]  (no source info available)
V  [jvm.dll+0x35b3ea]  (no source info available)
V  [jvm.dll+0x3637f6]  (no source info available)
V  [jvm.dll+0x34fd5e]  (no source info available)
V  [jvm.dll+0x34fff8]  (no source info available)
V  [jvm.dll+0x3289cc]  (no source info available)
V  [jvm.dll+0x32966e]  (no source info available)
V  [jvm.dll+0x8442e5]  (no source info available)
V  [jvm.dll+0x3b9848]  (no source info available)
V  [jvm.dll+0x82d0dc]  (no source info available)
V  [jvm.dll+0x454d4e]  (no source info available)
V  [jvm.dll+0x456bd1]  (no source info available)
C  [jli.dll+0x52a3]  (no source info available)
C  [ucrtbase.dll+0x21bb2]  (no source info available)
C  [KERNEL32.DLL+0x17374]  (no source info available)
C  [ntdll.dll+0x4cc91]  (no source info available)

Lock stack of current Java thread (top to bottom):


---------------  P R O C E S S  ---------------

Threads class SMR info:
_java_thread_list=0x00007ffb04143618, length=0, elements={
}

Java Threads: ( => current thread )
Total: 0

Other Threads:
  0x0000027974b74930 WorkerThread "GC Thread#0"                     [id=11452, stack(0x000000bffab00000,0x000000bffac00000) (1024K)]
  0x0000027974b896d0 ConcurrentGCThread "G1 Main Marker"            [id=1160, stack(0x000000bffac00000,0x000000bffad00000) (1024K)]
  0x0000027974b8a980 WorkerThread "G1 Conc#0"                       [id=9140, stack(0x000000bffad00000,0x000000bffae00000) (1024K)]

[error occurred during error reporting (printing all threads), id 0xc0000005, EXCEPTION_ACCESS_VIOLATION (0xc0000005) at pc=0x00007ffb0388bfba]
VM state: not at safepoint (not fully initialized)

VM Mutex/Monitor currently owned by a thread:  ([mutex/lock_event])
[0x00007ffb041c3a10] Heap_lock - owner thread: 0x000002797294e270

Heap address: 0x0000000081c00000, size: 2020 MB, Compressed Oops mode: 32-bit

CDS archive(s) mapped at: [0x0000000000000000-0x0000000000000000-0x0000000000000000), size 0, SharedBaseAddress: 0x0000000800000000, ArchiveRelocationMode: 1.
Narrow klass base: 0x0000000000000000, Narrow klass shift: 0, Narrow klass range: 0x0

GC Precious Log:
 CardTable entry size: 512
 Card Set container configuration: InlinePtr #cards 5 size 8 Array Of Cards #cards 10 size 36 Howl #buckets 4 coarsen threshold 1843 Howl Bitmap #cards 512 size 80 coarsen threshold 460 Card regions per heap region 1 cards per card region 2048

Heap:
 garbage-first heap   total reserved 2068480K, committed 0K, used 0K [0x0000000081c00000, 0x0000000100000000)
  region size 1024K, 0 young (0K), 0 survivors (0K)

[error occurred during error reporting (printing heap information), id 0xc0000005, EXCEPTION_ACCESS_VIOLATION (0xc0000005) at pc=0x00007ffb03c8c3b9]
GC Heap History (0 events):
No events

Dll operation events (1 events):
Event: 0.014 Loaded shared library C:\Program Files\Java\jdk-23\bin\java.dll

Deoptimization events (0 events):
No events

Classes loaded (0 events):
No events

Classes unloaded (0 events):
No events

Classes redefined (0 events):
No events

Internal exceptions (0 events):
No events

VM Operations (0 events):
No events

Memory protections (0 events):
No events

Nmethod flushes (0 events):
No events

Events (0 events):
No events


Dynamic libraries:
0x00007ff745350000 - 0x00007ff745360000 	C:\Program Files\Java\jdk-23\bin\java.exe
0x00007ffb6e0b0000 - 0x00007ffb6e2a8000 	C:\Windows\SYSTEM32\ntdll.dll
0x00007ffb6c730000 - 0x00007ffb6c7f1000 	C:\Windows\System32\KERNEL32.DLL
0x00007ffb6bd90000 - 0x00007ffb6c08d000 	C:\Windows\System32\KERNELBASE.dll
0x00007ffb6bac0000 - 0x00007ffb6bbc0000 	C:\Windows\System32\ucrtbase.dll
0x00007ffb5a110000 - 0x00007ffb5a12b000 	C:\Program Files\Java\jdk-23\bin\VCRUNTIME140.dll
0x00007ffb58f80000 - 0x00007ffb58f97000 	C:\Program Files\Java\jdk-23\bin\jli.dll
0x00007ffb6cb80000 - 0x00007ffb6cd1d000 	C:\Windows\System32\USER32.dll
0x00007ffb6bc30000 - 0x00007ffb6bc52000 	C:\Windows\System32\win32u.dll
0x00007ffb6d1a0000 - 0x00007ffb6d1cb000 	C:\Windows\System32\GDI32.dll
0x00007ffb59c80000 - 0x00007ffb59f1a000 	C:\Windows\WinSxS\amd64_microsoft.windows.common-controls_6595b64144ccf1df_6.0.19041.4355_none_60b8b9eb71f62e16\COMCTL32.dll
0x00007ffb6b9a0000 - 0x00007ffb6bab7000 	C:\Windows\System32\gdi32full.dll
0x00007ffb6bcf0000 - 0x00007ffb6bd8d000 	C:\Windows\System32\msvcp_win.dll
0x00007ffb6c510000 - 0x00007ffb6c5ae000 	C:\Windows\System32\msvcrt.dll
0x00007ffb6d170000 - 0x00007ffb6d19f000 	C:\Windows\System32\IMM32.DLL
0x00007ffb64310000 - 0x00007ffb6431c000 	C:\Program Files\Java\jdk-23\bin\vcruntime140_1.dll
0x00007ffb03080000 - 0x00007ffb0310e000 	C:\Program Files\Java\jdk-23\bin\msvcp140.dll
0x00007ffb03550000 - 0x00007ffb0429f000 	C:\Program Files\Java\jdk-23\bin\server\jvm.dll
0x00007ffb6d1d0000 - 0x00007ffb6d280000 	C:\Windows\System32\ADVAPI32.dll
0x00007ffb6cfa0000 - 0x00007ffb6d040000 	C:\Windows\System32\sechost.dll
0x00007ffb6d040000 - 0x00007ffb6d163000 	C:\Windows\System32\RPCRT4.dll
0x00007ffb6b810000 - 0x00007ffb6b837000 	C:\Windows\System32\bcrypt.dll
0x00007ffb6c6c0000 - 0x00007ffb6c72b000 	C:\Windows\System32\WS2_32.dll
0x00007ffb6b5c0000 - 0x00007ffb6b60b000 	C:\Windows\SYSTEM32\POWRPROF.dll
0x00007ffb5a020000 - 0x00007ffb5a047000 	C:\Windows\SYSTEM32\WINMM.dll
0x00007ffb5d540000 - 0x00007ffb5d54a000 	C:\Windows\SYSTEM32\VERSION.dll
0x00007ffb6b5a0000 - 0x00007ffb6b5b2000 	C:\Windows\SYSTEM32\UMPDC.dll
0x00007ffb69600000 - 0x00007ffb69612000 	C:\Windows\SYSTEM32\kernel.appcore.dll
0x00007ffb63eb0000 - 0x00007ffb63eba000 	C:\Program Files\Java\jdk-23\bin\jimage.dll
0x00007ffb5b810000 - 0x00007ffb5b9f4000 	C:\Windows\SYSTEM32\DBGHELP.DLL
0x00007ffb5b520000 - 0x00007ffb5b554000 	C:\Windows\SYSTEM32\dbgcore.DLL
0x00007ffb6bc60000 - 0x00007ffb6bce2000 	C:\Windows\System32\bcryptPrimitives.dll
0x00007ffb59ba0000 - 0x00007ffb59bbe000 	C:\Program Files\Java\jdk-23\bin\java.dll
0x00007ffb6ce70000 - 0x00007ffb6cf9b000 	C:\Windows\System32\ole32.dll
0x00007ffb6c1a0000 - 0x00007ffb6c4f3000 	C:\Windows\System32\combase.dll
0x00007ffb6d430000 - 0x00007ffb6db9f000 	C:\Windows\System32\SHELL32.dll

dbghelp: loaded successfully - version: 4.0.5 - missing functions: none
symbol engine: initialized successfully - sym options: 0x614 - pdb path: .;C:\Program Files\Java\jdk-23\bin;C:\Windows\SYSTEM32;C:\Windows\WinSxS\amd64_microsoft.windows.common-controls_6595b64144ccf1df_6.0.19041.4355_none_60b8b9eb71f62e16;C:\Program Files\Java\jdk-23\bin\server

VM Arguments:
jvm_args: --enable-preview -XX:+ShowCodeDetailsInExceptionMessages 
java_command: AppTUI
java_class_path (initial): C:\Users\StoneTec\AppData\Roaming\Code\User\workspaceStorage\4c62a3bcc9067d114ca5f7fbdce7ed60\redhat.java\jdt_ws\AtividadesPOO_4917b412\bin
Launcher Type: SUN_STANDARD

[Global flags]
     intx CICompilerCount                          = 3                                         {product} {ergonomic}
     uint ConcGCThreads                            = 1                                         {product} {ergonomic}
     uint G1ConcRefinementThreads                  = 4                                         {product} {ergonomic}
   size_t G1HeapRegionSize                         = 1048576                                   {product} {ergonomic}
   size_t InitialHeapSize                          = 134217728                                 {product} {ergonomic}
   size_t MarkStackSize                            = 4194304                                   {product} {ergonomic}
   size_t MarkStackSizeMax                         = 536870912                                 {product} {ergonomic}
   size_t MaxHeapSize                              = 2118123520                                {product} {ergonomic}
   size_t MinHeapDeltaBytes                        = 1048576                                   {product} {ergonomic}
   size_t MinHeapSize                              = 8388608                                   {product} {ergonomic}
    uintx NonNMethodCodeHeapSize                   = 5832704                                {pd product} {ergonomic}
    uintx NonProfiledCodeHeapSize                  = 122945536                              {pd product} {ergonomic}
    uintx ProfiledCodeHeapSize                     = 122880000                              {pd product} {ergonomic}
    uintx ReservedCodeCacheSize                    = 251658240                              {pd product} {ergonomic}
     bool SegmentedCodeCache                       = true                                      {product} {ergonomic}
     bool ShowCodeDetailsInExceptionMessages       = true                                   {manageable} {command line}
   size_t SoftMaxHeapSize                          = 2118123520                             {manageable} {ergonomic}
     bool UseCompressedOops                        = true                           {product lp64_product} {ergonomic}
     bool UseG1GC                                  = true                                      {product} {ergonomic}
     bool UseLargePagesIndividualAllocation        = false                                  {pd product} {ergonomic}

Logging:
Log output configuration:
 #0: stdout all=warning uptime,level,tags foldmultilines=false
 #1: stderr all=off uptime,level,tags foldmultilines=false

Environment Variables:
PATH=C:\Program Files\Common Files\Oracle\Java\javapath;C:\Program Files (x86)\Common Files\Oracle\Java\java8path;C:\Program Files (x86)\Common Files\Oracle\Java\javapath;C:\Program Files (x86)\Embarcadero\Studio\19.0\bin;C:\Users\Public\Documents\Embarcadero\Studio\19.0\Bpl;C:\Program Files (x86)\Embarcadero\Studio\19.0\bin64;C:\Users\Public\Documents\Embarcadero\Studio\19.0\Bpl\Win64;C:\Windows\system32;C:\Windows;C:\Windows\System32\Wbem;C:\Windows\System32\WindowsPowerShell\v1.0\;C:\Windows\System32\OpenSSH\;C:\Program Files (x86)\Intel\OpenCL SDK\2.0\bin\x86;C:\Program Files (x86)\Intel\OpenCL SDK\2.0\bin\x64;C:\Program Files (x86)\Windows Kits\10\Windows Performance Toolkit\;C:\Program Files (x86)\Toshiba\Bluetooth Toshiba Stack\sys\;C:\Program Files (x86)\Toshiba\Bluetooth Toshiba Stack\sys\x64\;C:\Program Files\Git\cmd;C:\Program Files\MySQL\MySQL Shell 8.0\bin\;C:\Users\StoneTec\AppData\Local\Microsoft\WindowsApps;C:\Users\StoneTec\AppData\Local\Programs\Microsoft VS Code\bin;C:\Users\StoneTec\AppData\Local\GitHubDesktop\bin;G:\PortableApps\GitHubDesktopPortable\App\GitHubDesktop\bin
USERNAME=StoneTec
LANG=en_US.UTF-8
OS=Windows_NT
PROCESSOR_IDENTIFIER=Intel64 Family 6 Model 42 Stepping 7, GenuineIntel
TMP=C:\Users\StoneTec\AppData\Local\Temp
TEMP=C:\Users\StoneTec\AppData\Local\Temp




Periodic native trim disabled

---------------  S Y S T E M  ---------------

OS:
 Windows 10 , 64 bit Build 19041 (10.0.19041.4842)
OS uptime: 0 days 19:25 hours

CPU: total 4 (initial active 4) (2 cores per cpu, 2 threads per core) family 6 model 42 stepping 7 microcode 0x2f, cx8, cmov, fxsr, ht, mmx, sse, sse2, sse3, ssse3, sse4.1, sse4.2, popcnt, tsc, tscinvbit, avx, clmul, vzeroupper, clflush, rdtscp
Processor Information for the first 4 processors :
  Max Mhz: 3100, Current Mhz: 3100, Mhz Limit: 3100

Memory: 4k page, system-wide physical 8075M (927M free)
TotalPageFile size 12547M (AvailPageFile size 9M)
current process WorkingSet (physical memory assigned to process): 11M, peak: 11M
current process commit charge ("private bytes"): 52M, peak: 180M

vm_info: Java HotSpot(TM) 64-Bit Server VM (23+37-2369) for windows-amd64 JRE (23+37-2369), built on 2024-08-20T16:01:23Z with MS VC++ 17.6 (VS2022)

END.
