#
# There is insufficient memory for the Java Runtime Environment to continue.
# Native memory allocation (malloc) failed to allocate 1080016 bytes. Error detail: Chunk::new
# Possible reasons:
#   The system is out of physical RAM or swap space
#   This process is running with CompressedOops enabled, and the Java Heap may be blocking the growth of the native heap
# Possible solutions:
#   Reduce memory load on the system
#   Increase physical memory or swap space
#   Check if swap backing store is full
#   Decrease Java heap size (-Xmx/-Xms)
#   Decrease number of Java threads
#   Decrease Java thread stack sizes (-Xss)
#   Set larger code cache with -XX:ReservedCodeCacheSize=
#   JVM is running with Unscaled Compressed Oops mode in which the Java heap is
#     placed in the first 4GB address space. The Java Heap base address is the
#     maximum limit for the native heap growth. Please use -XX:HeapBaseMinAddress
#     to set the Java Heap base and to place the Java Heap above 4GB virtual address.
# This output file may be truncated or incomplete.
#
#  Out of Memory Error (arena.cpp:191), pid=7536, tid=12148
#
# JRE version: OpenJDK Runtime Environment Temurin-17.0.13+11 (17.0.13+11) (build 17.0.13+11)
# Java VM: OpenJDK 64-Bit Server VM Temurin-17.0.13+11 (17.0.13+11, mixed mode, tiered, compressed oops, compressed class ptrs, parallel gc, windows-amd64)
# No core dump will be written. Minidumps are not enabled by default on client versions of Windows
#

---------------  S U M M A R Y ------------

Command Line: --add-modules=ALL-SYSTEM --add-opens=java.base/java.util=ALL-UNNAMED --add-opens=java.base/java.lang=ALL-UNNAMED --add-opens=java.base/sun.nio.fs=ALL-UNNAMED -Declipse.application=org.eclipse.jdt.ls.core.id1 -Dosgi.bundles.defaultStartLevel=4 -Declipse.product=org.eclipse.jdt.ls.core.product -Djava.import.generatesMetadataFilesAtProjectRoot=false -DDetectVMInstallationsJob.disabled=true -Dfile.encoding=utf8 -XX:+UseParallelGC -XX:GCTimeRatio=4 -XX:AdaptiveSizePolicyWeight=90 -Dsun.zip.disableMemoryMapping=true -Xmx1G -Xms100m -Xlog:disable -javaagent:c:\Users\StoneTec\.vscode\extensions\redhat.java-1.37.0-win32-x64\lombok\lombok-1.18.34.jar -XX:+HeapDumpOnOutOfMemoryError -XX:HeapDumpPath=c:\Users\StoneTec\AppData\Roaming\Code\User\workspaceStorage\4c62a3bcc9067d114ca5f7fbdce7ed60\redhat.java -Daether.dependencyCollector.impl=bf c:\Users\StoneTec\.vscode\extensions\redhat.java-1.37.0-win32-x64\server\plugins\org.eclipse.equinox.launcher_1.6.900.v20240613-2009.jar -configuration c:\Users\StoneTec\AppData\Roaming\Code\User\globalStorage\redhat.java\1.37.0\config_win -data c:\Users\StoneTec\AppData\Roaming\Code\User\workspaceStorage\4c62a3bcc9067d114ca5f7fbdce7ed60\redhat.java\jdt_ws --pipe=\\.\pipe\lsp-2bff3109669edcd1bf2349a55a175b31-sock

Host: Intel(R) Core(TM) i3-2100 CPU @ 3.10GHz, 4 cores, 7G,  Windows 10 , 64 bit Build 19041 (10.0.19041.4842)
Time: Thu Dec 12 11:14:56 2024 Hora oficial do Brasil elapsed time: 72.313510 seconds (0d 0h 1m 12s)

---------------  T H R E A D  ---------------

Current thread (0x0000027d9c8a11e0):  JavaThread "C2 CompilerThread0" daemon [_thread_in_native, id=12148, stack(0x000000f5e1300000,0x000000f5e1400000)]


Current CompileTask:
C2:  72313 10413       4       org.eclipse.jdt.internal.core.JavaProject$ModuleLookup::addTransitive (71 bytes)

Stack: [0x000000f5e1300000,0x000000f5e1400000]
Native frames: (J=compiled Java code, j=interpreted, Vv=VM code, C=native code)
V  [jvm.dll+0x682a19]
V  [jvm.dll+0x839538]
V  [jvm.dll+0x83afe3]
V  [jvm.dll+0x83b653]
V  [jvm.dll+0x24704f]
V  [jvm.dll+0xace34]
V  [jvm.dll+0xad4cc]
V  [jvm.dll+0x36592f]
V  [jvm.dll+0x32fbd8]
V  [jvm.dll+0x32f05a]
V  [jvm.dll+0x21804f]
V  [jvm.dll+0x21748f]
V  [jvm.dll+0x1a3070]
V  [jvm.dll+0x22788c]
V  [jvm.dll+0x2259eb]
V  [jvm.dll+0x7eec98]
V  [jvm.dll+0x7e8ffc]
V  [jvm.dll+0x6818f7]
C  [ucrtbase.dll+0x21bb2]
C  [KERNEL32.DLL+0x17374]
C  [ntdll.dll+0x4cc91]


---------------  P R O C E S S  ---------------

Threads class SMR info:
_java_thread_list=0x0000027da4b55580, length=54, elements={
0x0000027d88a1eba0, 0x0000027d88ad4be0, 0x0000027d88ad6550, 0x0000027d88ade140,
0x0000027d9c899b20, 0x0000027d9c89a9a0, 0x0000027d9c89e4e0, 0x0000027d9c8a11e0,
0x0000027da1b00d10, 0x0000027da1b04250, 0x0000027da1b76de0, 0x0000027da1e89580,
0x0000027da269d4f0, 0x0000027da24d0890, 0x0000027da26ae950, 0x0000027da270b210,
0x0000027da2b671a0, 0x0000027da2a14560, 0x0000027da2a121f0, 0x0000027da2a159a0,
0x0000027da2a14f80, 0x0000027da2a13b40, 0x0000027da2a15490, 0x0000027da2a13120,
0x0000027da2a14050, 0x0000027da2a13630, 0x0000027da2a12c10, 0x0000027da43d4f80,
0x0000027da43d3b40, 0x0000027da43d17d0, 0x0000027da43cea40, 0x0000027da43d2700,
0x0000027da43d08a0, 0x0000027da43ce530, 0x0000027da43d4050, 0x0000027da43ce020,
0x0000027da43d5490, 0x0000027da43d1ce0, 0x0000027da43d2c10, 0x0000027da43d3630,
0x0000027da43d12c0, 0x0000027da43d0db0, 0x0000027da43d21f0, 0x0000027da43d4560,
0x0000027da43cef50, 0x0000027da43d0390, 0x0000027da43cf460, 0x0000027da43cf970,
0x0000027da2a14a70, 0x0000027da24e2270, 0x0000027da24e40d0, 0x0000027da24e2780,
0x0000027da24e6440, 0x0000027da5a280c0
}

Java Threads: ( => current thread )
  0x0000027d88a1eba0 JavaThread "main" [_thread_blocked, id=1948, stack(0x000000f5e0a00000,0x000000f5e0b00000)]
  0x0000027d88ad4be0 JavaThread "Reference Handler" daemon [_thread_blocked, id=4936, stack(0x000000f5e0d00000,0x000000f5e0e00000)]
  0x0000027d88ad6550 JavaThread "Finalizer" daemon [_thread_blocked, id=6840, stack(0x000000f5e0e00000,0x000000f5e0f00000)]
  0x0000027d88ade140 JavaThread "Signal Dispatcher" daemon [_thread_blocked, id=8368, stack(0x000000f5e0f00000,0x000000f5e1000000)]
  0x0000027d9c899b20 JavaThread "Attach Listener" daemon [_thread_blocked, id=10180, stack(0x000000f5e1000000,0x000000f5e1100000)]
  0x0000027d9c89a9a0 JavaThread "Service Thread" daemon [_thread_blocked, id=12088, stack(0x000000f5e1100000,0x000000f5e1200000)]
  0x0000027d9c89e4e0 JavaThread "Monitor Deflation Thread" daemon [_thread_blocked, id=12824, stack(0x000000f5e1200000,0x000000f5e1300000)]
=>0x0000027d9c8a11e0 JavaThread "C2 CompilerThread0" daemon [_thread_in_native, id=12148, stack(0x000000f5e1300000,0x000000f5e1400000)]
  0x0000027da1b00d10 JavaThread "C1 CompilerThread0" daemon [_thread_blocked, id=10492, stack(0x000000f5e1400000,0x000000f5e1500000)]
  0x0000027da1b04250 JavaThread "Sweeper thread" daemon [_thread_blocked, id=10816, stack(0x000000f5e1500000,0x000000f5e1600000)]
  0x0000027da1b76de0 JavaThread "Common-Cleaner" daemon [_thread_blocked, id=11688, stack(0x000000f5e1600000,0x000000f5e1700000)]
  0x0000027da1e89580 JavaThread "Notification Thread" daemon [_thread_blocked, id=12204, stack(0x000000f5e1700000,0x000000f5e1800000)]
  0x0000027da269d4f0 JavaThread "Active Thread: Equinox Container: d8e79c38-b10b-46a2-89a6-7d2ebbd1c8e7" [_thread_blocked, id=11612, stack(0x000000f5e1d00000,0x000000f5e1e00000)]
  0x0000027da24d0890 JavaThread "Refresh Thread: Equinox Container: d8e79c38-b10b-46a2-89a6-7d2ebbd1c8e7" daemon [_thread_blocked, id=9856, stack(0x000000f5e1e00000,0x000000f5e1f00000)]
  0x0000027da26ae950 JavaThread "Framework Event Dispatcher: Equinox Container: d8e79c38-b10b-46a2-89a6-7d2ebbd1c8e7" daemon [_thread_blocked, id=13272, stack(0x000000f5e1f00000,0x000000f5e2000000)]
  0x0000027da270b210 JavaThread "Start Level: Equinox Container: d8e79c38-b10b-46a2-89a6-7d2ebbd1c8e7" daemon [_thread_blocked, id=12248, stack(0x000000f5e2000000,0x000000f5e2100000)]
  0x0000027da2b671a0 JavaThread "Bundle File Closer" daemon [_thread_blocked, id=7264, stack(0x000000f5e2100000,0x000000f5e2200000)]
  0x0000027da2a14560 JavaThread "SCR Component Actor" daemon [_thread_blocked, id=11784, stack(0x000000f5e2200000,0x000000f5e2300000)]
  0x0000027da2a121f0 JavaThread "Worker-JM" [_thread_blocked, id=1412, stack(0x000000f5e2300000,0x000000f5e2400000)]
  0x0000027da2a159a0 JavaThread "JNA Cleaner" daemon [_thread_blocked, id=12656, stack(0x000000f5e2400000,0x000000f5e2500000)]
  0x0000027da2a14f80 JavaThread "Worker-0: Publish Diagnostics" [_thread_in_Java, id=3464, stack(0x000000f5e2500000,0x000000f5e2600000)]
  0x0000027da2a13b40 JavaThread "Worker-1" [_thread_blocked, id=2032, stack(0x000000f5e2600000,0x000000f5e2700000)]
  0x0000027da2a15490 JavaThread "Worker-2" [_thread_blocked, id=13280, stack(0x000000f5e2700000,0x000000f5e2800000)]
  0x0000027da2a13120 JavaThread "Worker-3" [_thread_blocked, id=10908, stack(0x000000f5e2800000,0x000000f5e2900000)]
  0x0000027da2a14050 JavaThread "Java indexing" daemon [_thread_in_native, id=6212, stack(0x000000f5e2900000,0x000000f5e2a00000)]
  0x0000027da2a13630 JavaThread "Thread-2" daemon [_thread_in_native, id=11320, stack(0x000000f5e2c00000,0x000000f5e2d00000)]
  0x0000027da2a12c10 JavaThread "Thread-3" daemon [_thread_in_native, id=13108, stack(0x000000f5e2d00000,0x000000f5e2e00000)]
  0x0000027da43d4f80 JavaThread "Thread-4" daemon [_thread_in_native, id=384, stack(0x000000f5e2e00000,0x000000f5e2f00000)]
  0x0000027da43d3b40 JavaThread "Thread-5" daemon [_thread_in_native, id=5204, stack(0x000000f5e2f00000,0x000000f5e3000000)]
  0x0000027da43d17d0 JavaThread "Thread-6" daemon [_thread_in_native, id=13204, stack(0x000000f5e3000000,0x000000f5e3100000)]
  0x0000027da43cea40 JavaThread "pool-2-thread-1" [_thread_blocked, id=12980, stack(0x000000f5e3100000,0x000000f5e3200000)]
  0x0000027da43d2700 JavaThread "Worker-4" [_thread_blocked, id=11836, stack(0x000000f5e3200000,0x000000f5e3300000)]
  0x0000027da43d08a0 JavaThread "WorkspaceEventsHandler" [_thread_blocked, id=12344, stack(0x000000f5e3300000,0x000000f5e3400000)]
  0x0000027da43ce530 JavaThread "pool-1-thread-1" [_thread_blocked, id=3272, stack(0x000000f5e3400000,0x000000f5e3500000)]
  0x0000027da43d4050 JavaThread "Worker-5" [_thread_blocked, id=11272, stack(0x000000f5e3500000,0x000000f5e3600000)]
  0x0000027da43ce020 JavaThread "Compiler Source File Reader" daemon [_thread_blocked, id=9608, stack(0x000000f5e3600000,0x000000f5e3700000)]
  0x0000027da43d5490 JavaThread "Compiler Source File Reader" daemon [_thread_blocked, id=1308, stack(0x000000f5e3700000,0x000000f5e3800000)]
  0x0000027da43d1ce0 JavaThread "Compiler Processing Task" daemon [_thread_blocked, id=11316, stack(0x000000f5e3800000,0x000000f5e3900000)]
  0x0000027da43d2c10 JavaThread "Compiler Class File Writer" daemon [_thread_blocked, id=11912, stack(0x000000f5e3900000,0x000000f5e3a00000)]
  0x0000027da43d3630 JavaThread "Compiler Class File Writer" daemon [_thread_blocked, id=10204, stack(0x000000f5e3a00000,0x000000f5e3b00000)]
  0x0000027da43d12c0 JavaThread "ForkJoinPool.commonPool-worker-1" daemon [_thread_blocked, id=10872, stack(0x000000f5e3b00000,0x000000f5e3c00000)]
  0x0000027da43d0db0 JavaThread "ForkJoinPool.commonPool-worker-2" daemon [_thread_blocked, id=6888, stack(0x000000f5e3c00000,0x000000f5e3d00000)]
  0x0000027da43d21f0 JavaThread "ForkJoinPool.commonPool-worker-3" daemon [_thread_blocked, id=10616, stack(0x000000f5e3d00000,0x000000f5e3e00000)]
  0x0000027da43d4560 JavaThread "Worker-6" [_thread_blocked, id=11184, stack(0x000000f5e3f00000,0x000000f5e4000000)]
  0x0000027da43cef50 JavaThread "Java Debug Server" daemon [_thread_in_native, id=4968, stack(0x000000f5e3e00000,0x000000f5e3f00000)]
  0x0000027da43d0390 JavaThread "pool-3-thread-1" [_thread_in_native, id=13184, stack(0x000000f5e4000000,0x000000f5e4100000)]
  0x0000027da43cf460 JavaThread "RxSchedulerPurge-1" daemon [_thread_blocked, id=13188, stack(0x000000f5e4100000,0x000000f5e4200000)]
  0x0000027da43cf970 JavaThread "RxCachedWorkerPoolEvictor-1" daemon [_thread_blocked, id=9696, stack(0x000000f5e4200000,0x000000f5e4300000)]
  0x0000027da2a14a70 JavaThread "RxNewThreadScheduler-1" daemon [_thread_blocked, id=12368, stack(0x000000f5e4300000,0x000000f5e4400000)]
  0x0000027da24e2270 JavaThread "process reaper (pid 11632)" daemon [_thread_in_native, id=1868, stack(0x000000f5e05d0000,0x000000f5e05f0000)]
  0x0000027da24e40d0 JavaThread "Cleaner-0" daemon [_thread_blocked, id=6748, stack(0x000000f5e1c00000,0x000000f5e1d00000)]
  0x0000027da24e2780 JavaThread "pool-3-thread-2" [_thread_blocked, id=12632, stack(0x000000f5e4500000,0x000000f5e4600000)]
  0x0000027da24e6440 JavaThread "process reaper" daemon [_thread_blocked, id=11728, stack(0x000000f5e0900000,0x000000f5e0920000)]
  0x0000027da5a280c0 JavaThread "C2 CompilerThread1" daemon [_thread_in_native, id=8208, stack(0x000000f5e0800000,0x000000f5e0900000)]

Other Threads:
  0x0000027d9c856260 VMThread "VM Thread" [stack: 0x000000f5e0c00000,0x000000f5e0d00000] [id=12036]
  0x0000027da1e89a60 WatcherThread [stack: 0x000000f5e1800000,0x000000f5e1900000] [id=12444]
  0x0000027d88a33ff0 GCTaskThread "GC Thread#0" [stack: 0x000000f5e0b00000,0x000000f5e0c00000] [id=11604]
  0x0000027da1fce010 GCTaskThread "GC Thread#1" [stack: 0x000000f5e1900000,0x000000f5e1a00000] [id=2264]
  0x0000027da2370830 GCTaskThread "GC Thread#2" [stack: 0x000000f5e1a00000,0x000000f5e1b00000] [id=13024]
  0x0000027da2370af0 GCTaskThread "GC Thread#3" [stack: 0x000000f5e1b00000,0x000000f5e1c00000] [id=12352]

Threads with active compile tasks:
C2 CompilerThread0    72360 10413       4       org.eclipse.jdt.internal.core.JavaProject$ModuleLookup::addTransitive (71 bytes)
C1 CompilerThread0    72360 10528       3       lombok.eclipse.EclipseAST::propagateProblems (81 bytes)
C2 CompilerThread1    72360 10414   !   4       org.eclipse.jdt.internal.core.JavaProject$ModuleLookup::getModule (102 bytes)

VM state: not at safepoint (normal execution)

VM Mutex/Monitor currently owned by a thread: None

Heap address: 0x00000000c0000000, size: 1024 MB, Compressed Oops mode: 32-bit

CDS archive(s) not mapped
Compressed class space mapped at: 0x0000000100000000-0x0000000140000000, reserved size: 1073741824
Narrow klass base: 0x0000000000000000, Narrow klass shift: 3, Narrow klass range: 0x140000000

GC Precious Log:
 CPUs: 4 total, 4 available
 Memory: 8075M
 Large Page Support: Disabled
 NUMA Support: Disabled
 Compressed Oops: Enabled (32-bit)
 Alignments: Space 512K, Generation 512K, Heap 2M
 Heap Min Capacity: 100M
 Heap Initial Capacity: 100M
 Heap Max Capacity: 1G
 Pre-touch: Disabled
 Parallel Workers: 4

Heap:
 PSYoungGen      total 14848K, used 7916K [0x00000000eab00000, 0x00000000ebe80000, 0x0000000100000000)
  eden space 9728K, 28% used [0x00000000eab00000,0x00000000eadc0ac0,0x00000000eb480000)
  from space 5120K, 99% used [0x00000000eb980000,0x00000000ebe7a7c0,0x00000000ebe80000)
  to   space 4608K, 0% used [0x00000000eb480000,0x00000000eb480000,0x00000000eb900000)
 ParOldGen       total 448512K, used 400303K [0x00000000c0000000, 0x00000000db600000, 0x00000000eab00000)
  object space 448512K, 89% used [0x00000000c0000000,0x00000000d86ebf48,0x00000000db600000)
 Metaspace       used 75395K, committed 76736K, reserved 1179648K
  class space    used 8014K, committed 8640K, reserved 1048576K

Card table byte_map: [0x0000027d883c0000,0x0000027d885d0000] _byte_map_base: 0x0000027d87dc0000

Marking Bits: (ParMarkBitMap*) 0x00007ffb02fb6940
 Begin Bits: [0x0000027d9a6c0000, 0x0000027d9b6c0000)
 End Bits:   [0x0000027d9b6c0000, 0x0000027d9c6c0000)

Polling page: 0x0000027d86880000

Metaspace:

Usage:
  Non-class:     65.80 MB used.
      Class:      7.83 MB used.
       Both:     73.63 MB used.

Virtual space:
  Non-class space:      128.00 MB reserved,      66.50 MB ( 52%) committed,  2 nodes.
      Class space:        1.00 GB reserved,       8.44 MB ( <1%) committed,  1 nodes.
             Both:        1.12 GB reserved,      74.94 MB (  7%) committed. 

Chunk freelists:
   Non-Class:  12.96 MB
       Class:  7.59 MB
        Both:  20.55 MB

MaxMetaspaceSize: unlimited
CompressedClassSpaceSize: 1.00 GB
Initial GC threshold: 21.00 MB
Current GC threshold: 118.38 MB
CDS: off
MetaspaceReclaimPolicy: balanced
 - commit_granule_bytes: 65536.
 - commit_granule_words: 8192.
 - virtual_space_node_default_size: 8388608.
 - enlarge_chunks_in_place: 1.
 - new_chunks_are_fully_committed: 0.
 - uncommit_free_chunks: 1.
 - use_allocation_guard: 0.
 - handle_deallocations: 1.


Internal statistics:

num_allocs_failed_limit: 9.
num_arena_births: 834.
num_arena_deaths: 16.
num_vsnodes_births: 3.
num_vsnodes_deaths: 0.
num_space_committed: 1199.
num_space_uncommitted: 0.
num_chunks_returned_to_freelist: 25.
num_chunks_taken_from_freelist: 4035.
num_chunk_merges: 14.
num_chunk_splits: 2480.
num_chunks_enlarged: 1439.
num_inconsistent_stats: 0.

CodeHeap 'non-profiled nmethods': size=120000Kb used=6939Kb max_used=6939Kb free=113060Kb
 bounds [0x0000027d93190000, 0x0000027d93860000, 0x0000027d9a6c0000]
CodeHeap 'profiled nmethods': size=120000Kb used=17986Kb max_used=17986Kb free=102013Kb
 bounds [0x0000027d8b6c0000, 0x0000027d8c860000, 0x0000027d92bf0000]
CodeHeap 'non-nmethods': size=5760Kb used=1392Kb max_used=1479Kb free=4367Kb
 bounds [0x0000027d92bf0000, 0x0000027d92e60000, 0x0000027d93190000]
 total_blobs=9361 nmethods=8604 adapters=667
 compilation: enabled
              stopped_count=0, restarted_count=0
 full_count=0

Compilation events (20 events):
Event: 72.275 Thread 0x0000027da1b00d10 nmethod 10484 0x0000027d8c83b490 code [0x0000027d8c83b640, 0x0000027d8c83b888]
Event: 72.275 Thread 0x0000027da1b00d10 10478       3       org.eclipse.jdt.internal.compiler.ast.TypeReference::hasCompletedHierarchyCheckWithMembers (87 bytes)
Event: 72.276 Thread 0x0000027da1b00d10 nmethod 10478 0x0000027d8c83b990 code [0x0000027d8c83bb80, 0x0000027d8c83c178]
Event: 72.276 Thread 0x0000027da1b00d10 10487       3       org.eclipse.jdt.internal.compiler.util.SortedCharArrays$$Lambda$388/0x0000000100688a90::compare (12 bytes)
Event: 72.276 Thread 0x0000027da1b00d10 nmethod 10487 0x0000027d8c83c310 code [0x0000027d8c83c4c0, 0x0000027d8c83c7c8]
Event: 72.276 Thread 0x0000027da1b00d10 10479       3       org.eclipse.jdt.internal.compiler.ast.TypeReference::internalResolveType (390 bytes)
Event: 72.277 Thread 0x0000027da5a280c0 nmethod 10467 0x0000027d93855190 code [0x0000027d93855300, 0x0000027d93855478]
Event: 72.277 Thread 0x0000027da5a280c0 10414   !   4       org.eclipse.jdt.internal.core.JavaProject$ModuleLookup::getModule (102 bytes)
Event: 72.279 Thread 0x0000027da1b00d10 nmethod 10479 0x0000027d8c83c890 code [0x0000027d8c83cd20, 0x0000027d8c83f438]
Event: 72.279 Thread 0x0000027da1b00d10 10480       3       org.eclipse.jdt.internal.compiler.lookup.SourceTypeBinding::initializeForStaticImports (59 bytes)
Event: 72.280 Thread 0x0000027da1b00d10 nmethod 10480 0x0000027d8c83fe90 code [0x0000027d8c8400a0, 0x0000027d8c8405c8]
Event: 72.280 Thread 0x0000027da1b00d10 10483       1       org.eclipse.jdt.internal.compiler.ast.AllocationExpression::genericTypeArguments (5 bytes)
Event: 72.280 Thread 0x0000027da1b00d10 nmethod 10483 0x0000027d93855590 code [0x0000027d93855720, 0x0000027d938557f8]
Event: 72.286 Thread 0x0000027da1b00d10 10489       3       lombok.bytecode.ClassFileMetaData::decodeString (181 bytes)
Event: 72.286 Thread 0x0000027da1b00d10 nmethod 10489 0x0000027d8c840790 code [0x0000027d8c840960, 0x0000027d8c840e48]
Event: 72.307 Thread 0x0000027da1b00d10 10490       3       java.util.stream.ReduceOps$4::<init> (22 bytes)
Event: 72.307 Thread 0x0000027da1b00d10 nmethod 10490 0x0000027d8c841090 code [0x0000027d8c841240, 0x0000027d8c841458]
Event: 72.307 Thread 0x0000027da1b00d10 10495       3       java.util.stream.ReduceOps::makeRef (29 bytes)
Event: 72.308 Thread 0x0000027da1b00d10 nmethod 10495 0x0000027d8c841590 code [0x0000027d8c8417a0, 0x0000027d8c841e68]
Event: 72.308 Thread 0x0000027da1b00d10 10496   !   3       org.eclipse.jdt.internal.core.NameLookup::seekModule (267 bytes)

GC Heap History (20 events):
Event: 49.662 GC heap before
{Heap before GC invocations=186 (full 12):
 PSYoungGen      total 12800K, used 12791K [0x00000000eab00000, 0x00000000ec980000, 0x0000000100000000)
  eden space 5120K, 100% used [0x00000000eab00000,0x00000000eb000000,0x00000000eb000000)
  from space 7680K, 99% used [0x00000000eb000000,0x00000000eb77dfa0,0x00000000eb780000)
  to   space 12800K, 0% used [0x00000000ebd00000,0x00000000ebd00000,0x00000000ec980000)
 ParOldGen       total 448512K, used 382275K [0x00000000c0000000, 0x00000000db600000, 0x00000000eab00000)
  object space 448512K, 85% used [0x00000000c0000000,0x00000000d7550e20,0x00000000db600000)
 Metaspace       used 71602K, committed 72896K, reserved 1114112K
  class space    used 7659K, committed 8256K, reserved 1048576K
}
Event: 49.681 GC heap after
{Heap after GC invocations=186 (full 12):
 PSYoungGen      total 13824K, used 7563K [0x00000000eab00000, 0x00000000ec480000, 0x0000000100000000)
  eden space 6144K, 0% used [0x00000000eab00000,0x00000000eab00000,0x00000000eb100000)
  from space 7680K, 98% used [0x00000000ebd00000,0x00000000ec462fb8,0x00000000ec480000)
  to   space 9216K, 0% used [0x00000000eb280000,0x00000000eb280000,0x00000000ebb80000)
 ParOldGen       total 448512K, used 386984K [0x00000000c0000000, 0x00000000db600000, 0x00000000eab00000)
  object space 448512K, 86% used [0x00000000c0000000,0x00000000d79ea3f8,0x00000000db600000)
 Metaspace       used 71602K, committed 72896K, reserved 1114112K
  class space    used 7659K, committed 8256K, reserved 1048576K
}
Event: 49.725 GC heap before
{Heap before GC invocations=187 (full 12):
 PSYoungGen      total 13824K, used 13707K [0x00000000eab00000, 0x00000000ec480000, 0x0000000100000000)
  eden space 6144K, 100% used [0x00000000eab00000,0x00000000eb100000,0x00000000eb100000)
  from space 7680K, 98% used [0x00000000ebd00000,0x00000000ec462fb8,0x00000000ec480000)
  to   space 9216K, 0% used [0x00000000eb280000,0x00000000eb280000,0x00000000ebb80000)
 ParOldGen       total 448512K, used 386984K [0x00000000c0000000, 0x00000000db600000, 0x00000000eab00000)
  object space 448512K, 86% used [0x00000000c0000000,0x00000000d79ea3f8,0x00000000db600000)
 Metaspace       used 71604K, committed 72896K, reserved 1114112K
  class space    used 7659K, committed 8256K, reserved 1048576K
}
Event: 49.733 GC heap after
{Heap after GC invocations=187 (full 12):
 PSYoungGen      total 15872K, used 8429K [0x00000000eab00000, 0x00000000ec300000, 0x0000000100000000)
  eden space 7168K, 0% used [0x00000000eab00000,0x00000000eab00000,0x00000000eb200000)
  from space 8704K, 96% used [0x00000000eb280000,0x00000000ebabb7b8,0x00000000ebb00000)
  to   space 8192K, 0% used [0x00000000ebb00000,0x00000000ebb00000,0x00000000ec300000)
 ParOldGen       total 448512K, used 388528K [0x00000000c0000000, 0x00000000db600000, 0x00000000eab00000)
  object space 448512K, 86% used [0x00000000c0000000,0x00000000d7b6c3f8,0x00000000db600000)
 Metaspace       used 71604K, committed 72896K, reserved 1114112K
  class space    used 7659K, committed 8256K, reserved 1048576K
}
Event: 53.305 GC heap before
{Heap before GC invocations=188 (full 12):
 PSYoungGen      total 15872K, used 15595K [0x00000000eab00000, 0x00000000ec300000, 0x0000000100000000)
  eden space 7168K, 99% used [0x00000000eab00000,0x00000000eb1ff7e8,0x00000000eb200000)
  from space 8704K, 96% used [0x00000000eb280000,0x00000000ebabb7b8,0x00000000ebb00000)
  to   space 8192K, 0% used [0x00000000ebb00000,0x00000000ebb00000,0x00000000ec300000)
 ParOldGen       total 448512K, used 388528K [0x00000000c0000000, 0x00000000db600000, 0x00000000eab00000)
  object space 448512K, 86% used [0x00000000c0000000,0x00000000d7b6c3f8,0x00000000db600000)
 Metaspace       used 71624K, committed 72960K, reserved 1114112K
  class space    used 7660K, committed 8256K, reserved 1048576K
}
Event: 53.316 GC heap after
{Heap after GC invocations=188 (full 12):
 PSYoungGen      total 16384K, used 7885K [0x00000000eab00000, 0x00000000ec300000, 0x0000000100000000)
  eden space 8192K, 0% used [0x00000000eab00000,0x00000000eab00000,0x00000000eb300000)
  from space 8192K, 96% used [0x00000000ebb00000,0x00000000ec2b34e8,0x00000000ec300000)
  to   space 8192K, 0% used [0x00000000eb300000,0x00000000eb300000,0x00000000ebb00000)
 ParOldGen       total 448512K, used 389892K [0x00000000c0000000, 0x00000000db600000, 0x00000000eab00000)
  object space 448512K, 86% used [0x00000000c0000000,0x00000000d7cc12d0,0x00000000db600000)
 Metaspace       used 71624K, committed 72960K, reserved 1114112K
  class space    used 7660K, committed 8256K, reserved 1048576K
}
Event: 53.474 GC heap before
{Heap before GC invocations=189 (full 12):
 PSYoungGen      total 16384K, used 16045K [0x00000000eab00000, 0x00000000ec300000, 0x0000000100000000)
  eden space 8192K, 99% used [0x00000000eab00000,0x00000000eb2f8110,0x00000000eb300000)
  from space 8192K, 96% used [0x00000000ebb00000,0x00000000ec2b34e8,0x00000000ec300000)
  to   space 8192K, 0% used [0x00000000eb300000,0x00000000eb300000,0x00000000ebb00000)
 ParOldGen       total 448512K, used 389892K [0x00000000c0000000, 0x00000000db600000, 0x00000000eab00000)
  object space 448512K, 86% used [0x00000000c0000000,0x00000000d7cc12d0,0x00000000db600000)
 Metaspace       used 72590K, committed 73920K, reserved 1179648K
  class space    used 7747K, committed 8384K, reserved 1048576K
}
Event: 53.486 GC heap after
{Heap after GC invocations=189 (full 12):
 PSYoungGen      total 16384K, used 8174K [0x00000000eab00000, 0x00000000ec500000, 0x0000000100000000)
  eden space 8192K, 0% used [0x00000000eab00000,0x00000000eab00000,0x00000000eb300000)
  from space 8192K, 99% used [0x00000000eb300000,0x00000000ebafb8b8,0x00000000ebb00000)
  to   space 8704K, 0% used [0x00000000ebc80000,0x00000000ebc80000,0x00000000ec500000)
 ParOldGen       total 448512K, used 390068K [0x00000000c0000000, 0x00000000db600000, 0x00000000eab00000)
  object space 448512K, 86% used [0x00000000c0000000,0x00000000d7ced248,0x00000000db600000)
 Metaspace       used 72590K, committed 73920K, reserved 1179648K
  class space    used 7747K, committed 8384K, reserved 1048576K
}
Event: 53.948 GC heap before
{Heap before GC invocations=190 (full 12):
 PSYoungGen      total 16384K, used 16366K [0x00000000eab00000, 0x00000000ec500000, 0x0000000100000000)
  eden space 8192K, 100% used [0x00000000eab00000,0x00000000eb300000,0x00000000eb300000)
  from space 8192K, 99% used [0x00000000eb300000,0x00000000ebafb8b8,0x00000000ebb00000)
  to   space 8704K, 0% used [0x00000000ebc80000,0x00000000ebc80000,0x00000000ec500000)
 ParOldGen       total 448512K, used 390068K [0x00000000c0000000, 0x00000000db600000, 0x00000000eab00000)
  object space 448512K, 86% used [0x00000000c0000000,0x00000000d7ced248,0x00000000db600000)
 Metaspace       used 73541K, committed 74880K, reserved 1179648K
  class space    used 7838K, committed 8448K, reserved 1048576K
}
Event: 53.957 GC heap after
{Heap after GC invocations=190 (full 12):
 PSYoungGen      total 11264K, used 1760K [0x00000000eab00000, 0x00000000ebe80000, 0x0000000100000000)
  eden space 9216K, 0% used [0x00000000eab00000,0x00000000eab00000,0x00000000eb400000)
  from space 2048K, 85% used [0x00000000ebc80000,0x00000000ebe38038,0x00000000ebe80000)
  to   space 4608K, 0% used [0x00000000eb580000,0x00000000eb580000,0x00000000eba00000)
 ParOldGen       total 448512K, used 396900K [0x00000000c0000000, 0x00000000db600000, 0x00000000eab00000)
  object space 448512K, 88% used [0x00000000c0000000,0x00000000d8399298,0x00000000db600000)
 Metaspace       used 73541K, committed 74880K, reserved 1179648K
  class space    used 7838K, committed 8448K, reserved 1048576K
}
Event: 54.657 GC heap before
{Heap before GC invocations=191 (full 12):
 PSYoungGen      total 11264K, used 10976K [0x00000000eab00000, 0x00000000ebe80000, 0x0000000100000000)
  eden space 9216K, 100% used [0x00000000eab00000,0x00000000eb400000,0x00000000eb400000)
  from space 2048K, 85% used [0x00000000ebc80000,0x00000000ebe38038,0x00000000ebe80000)
  to   space 4608K, 0% used [0x00000000eb580000,0x00000000eb580000,0x00000000eba00000)
 ParOldGen       total 448512K, used 396900K [0x00000000c0000000, 0x00000000db600000, 0x00000000eab00000)
  object space 448512K, 88% used [0x00000000c0000000,0x00000000d8399298,0x00000000db600000)
 Metaspace       used 74526K, committed 75904K, reserved 1179648K
  class space    used 7953K, committed 8576K, reserved 1048576K
}
Event: 54.661 GC heap after
{Heap after GC invocations=191 (full 12):
 PSYoungGen      total 14848K, used 1824K [0x00000000eab00000, 0x00000000ebd00000, 0x0000000100000000)
  eden space 10240K, 0% used [0x00000000eab00000,0x00000000eab00000,0x00000000eb500000)
  from space 4608K, 39% used [0x00000000eb580000,0x00000000eb748038,0x00000000eba00000)
  to   space 2560K, 0% used [0x00000000eba80000,0x00000000eba80000,0x00000000ebd00000)
 ParOldGen       total 448512K, used 396908K [0x00000000c0000000, 0x00000000db600000, 0x00000000eab00000)
  object space 448512K, 88% used [0x00000000c0000000,0x00000000d839b298,0x00000000db600000)
 Metaspace       used 74526K, committed 75904K, reserved 1179648K
  class space    used 7953K, committed 8576K, reserved 1048576K
}
Event: 58.357 GC heap before
{Heap before GC invocations=192 (full 12):
 PSYoungGen      total 14848K, used 12064K [0x00000000eab00000, 0x00000000ebd00000, 0x0000000100000000)
  eden space 10240K, 100% used [0x00000000eab00000,0x00000000eb500000,0x00000000eb500000)
  from space 4608K, 39% used [0x00000000eb580000,0x00000000eb748038,0x00000000eba00000)
  to   space 2560K, 0% used [0x00000000eba80000,0x00000000eba80000,0x00000000ebd00000)
 ParOldGen       total 448512K, used 396908K [0x00000000c0000000, 0x00000000db600000, 0x00000000eab00000)
  object space 448512K, 88% used [0x00000000c0000000,0x00000000d839b298,0x00000000db600000)
 Metaspace       used 74838K, committed 76224K, reserved 1179648K
  class space    used 7996K, committed 8640K, reserved 1048576K
}
Event: 58.360 GC heap after
{Heap after GC invocations=192 (full 12):
 PSYoungGen      total 13312K, used 2544K [0x00000000eab00000, 0x00000000ebd00000, 0x0000000100000000)
  eden space 10752K, 0% used [0x00000000eab00000,0x00000000eab00000,0x00000000eb580000)
  from space 2560K, 99% used [0x00000000eba80000,0x00000000ebcfc048,0x00000000ebd00000)
  to   space 3072K, 0% used [0x00000000eb700000,0x00000000eb700000,0x00000000eba00000)
 ParOldGen       total 448512K, used 396916K [0x00000000c0000000, 0x00000000db600000, 0x00000000eab00000)
  object space 448512K, 88% used [0x00000000c0000000,0x00000000d839d298,0x00000000db600000)
 Metaspace       used 74838K, committed 76224K, reserved 1179648K
  class space    used 7996K, committed 8640K, reserved 1048576K
}
Event: 59.001 GC heap before
{Heap before GC invocations=193 (full 12):
 PSYoungGen      total 13312K, used 13296K [0x00000000eab00000, 0x00000000ebd00000, 0x0000000100000000)
  eden space 10752K, 100% used [0x00000000eab00000,0x00000000eb580000,0x00000000eb580000)
  from space 2560K, 99% used [0x00000000eba80000,0x00000000ebcfc048,0x00000000ebd00000)
  to   space 3072K, 0% used [0x00000000eb700000,0x00000000eb700000,0x00000000eba00000)
 ParOldGen       total 448512K, used 396916K [0x00000000c0000000, 0x00000000db600000, 0x00000000eab00000)
  object space 448512K, 88% used [0x00000000c0000000,0x00000000d839d298,0x00000000db600000)
 Metaspace       used 75124K, committed 76544K, reserved 1179648K
  class space    used 8013K, committed 8640K, reserved 1048576K
}
Event: 59.008 GC heap after
{Heap after GC invocations=193 (full 12):
 PSYoungGen      total 14336K, used 3063K [0x00000000eab00000, 0x00000000ec000000, 0x0000000100000000)
  eden space 11264K, 0% used [0x00000000eab00000,0x00000000eab00000,0x00000000eb600000)
  from space 3072K, 99% used [0x00000000eb700000,0x00000000eb9fde40,0x00000000eba00000)
  to   space 5120K, 0% used [0x00000000ebb00000,0x00000000ebb00000,0x00000000ec000000)
 ParOldGen       total 448512K, used 398228K [0x00000000c0000000, 0x00000000db600000, 0x00000000eab00000)
  object space 448512K, 88% used [0x00000000c0000000,0x00000000d84e52c0,0x00000000db600000)
 Metaspace       used 75124K, committed 76544K, reserved 1179648K
  class space    used 8013K, committed 8640K, reserved 1048576K
}
Event: 60.084 GC heap before
{Heap before GC invocations=194 (full 12):
 PSYoungGen      total 14336K, used 14327K [0x00000000eab00000, 0x00000000ec000000, 0x0000000100000000)
  eden space 11264K, 99% used [0x00000000eab00000,0x00000000eb5ffff8,0x00000000eb600000)
  from space 3072K, 99% used [0x00000000eb700000,0x00000000eb9fde40,0x00000000eba00000)
  to   space 5120K, 0% used [0x00000000ebb00000,0x00000000ebb00000,0x00000000ec000000)
 ParOldGen       total 448512K, used 398228K [0x00000000c0000000, 0x00000000db600000, 0x00000000eab00000)
  object space 448512K, 88% used [0x00000000c0000000,0x00000000d84e52c0,0x00000000db600000)
 Metaspace       used 75141K, committed 76544K, reserved 1179648K
  class space    used 8013K, committed 8640K, reserved 1048576K
}
Event: 60.092 GC heap after
{Heap after GC invocations=194 (full 12):
 PSYoungGen      total 14848K, used 5091K [0x00000000eab00000, 0x00000000ec380000, 0x0000000100000000)
  eden space 9728K, 0% used [0x00000000eab00000,0x00000000eab00000,0x00000000eb480000)
  from space 5120K, 99% used [0x00000000ebb00000,0x00000000ebff8e70,0x00000000ec000000)
  to   space 6656K, 0% used [0x00000000eb480000,0x00000000eb480000,0x00000000ebb00000)
 ParOldGen       total 448512K, used 399332K [0x00000000c0000000, 0x00000000db600000, 0x00000000eab00000)
  object space 448512K, 89% used [0x00000000c0000000,0x00000000d85f92d0,0x00000000db600000)
 Metaspace       used 75141K, committed 76544K, reserved 1179648K
  class space    used 8013K, committed 8640K, reserved 1048576K
}
Event: 71.838 GC heap before
{Heap before GC invocations=195 (full 12):
 PSYoungGen      total 14848K, used 14801K [0x00000000eab00000, 0x00000000ec380000, 0x0000000100000000)
  eden space 9728K, 99% used [0x00000000eab00000,0x00000000eb47b888,0x00000000eb480000)
  from space 5120K, 99% used [0x00000000ebb00000,0x00000000ebff8e70,0x00000000ec000000)
  to   space 6656K, 0% used [0x00000000eb480000,0x00000000eb480000,0x00000000ebb00000)
 ParOldGen       total 448512K, used 399332K [0x00000000c0000000, 0x00000000db600000, 0x00000000eab00000)
  object space 448512K, 89% used [0x00000000c0000000,0x00000000d85f92d0,0x00000000db600000)
 Metaspace       used 75294K, committed 76672K, reserved 1179648K
  class space    used 8014K, committed 8640K, reserved 1048576K
}
Event: 71.843 GC heap after
{Heap after GC invocations=195 (full 12):
 PSYoungGen      total 14336K, used 4361K [0x00000000eab00000, 0x00000000ebe80000, 0x0000000100000000)
  eden space 9728K, 0% used [0x00000000eab00000,0x00000000eab00000,0x00000000eb480000)
  from space 4608K, 94% used [0x00000000eb480000,0x00000000eb8c2780,0x00000000eb900000)
  to   space 5120K, 0% used [0x00000000eb980000,0x00000000eb980000,0x00000000ebe80000)
 ParOldGen       total 448512K, used 399991K [0x00000000c0000000, 0x00000000db600000, 0x00000000eab00000)
  object space 448512K, 89% used [0x00000000c0000000,0x00000000d869df48,0x00000000db600000)
 Metaspace       used 75294K, committed 76672K, reserved 1179648K
  class space    used 8014K, committed 8640K, reserved 1048576K
}

Dll operation events (11 events):
Event: 0.013 Loaded shared library c:\Users\StoneTec\.vscode\extensions\redhat.java-1.37.0-win32-x64\jre\17.0.13-win32-x86_64\bin\java.dll
Event: 0.496 Loaded shared library c:\Users\StoneTec\.vscode\extensions\redhat.java-1.37.0-win32-x64\jre\17.0.13-win32-x86_64\bin\zip.dll
Event: 0.500 Loaded shared library C:\Users\StoneTec\.vscode\extensions\redhat.java-1.37.0-win32-x64\jre\17.0.13-win32-x86_64\bin\instrument.dll
Event: 0.548 Loaded shared library C:\Users\StoneTec\.vscode\extensions\redhat.java-1.37.0-win32-x64\jre\17.0.13-win32-x86_64\bin\net.dll
Event: 0.551 Loaded shared library C:\Users\StoneTec\.vscode\extensions\redhat.java-1.37.0-win32-x64\jre\17.0.13-win32-x86_64\bin\nio.dll
Event: 0.567 Loaded shared library C:\Users\StoneTec\.vscode\extensions\redhat.java-1.37.0-win32-x64\jre\17.0.13-win32-x86_64\bin\zip.dll
Event: 0.605 Loaded shared library C:\Users\StoneTec\.vscode\extensions\redhat.java-1.37.0-win32-x64\jre\17.0.13-win32-x86_64\bin\jimage.dll
Event: 0.831 Loaded shared library c:\Users\StoneTec\.vscode\extensions\redhat.java-1.37.0-win32-x64\jre\17.0.13-win32-x86_64\bin\verify.dll
Event: 3.409 Loaded shared library C:\Users\StoneTec\AppData\Roaming\Code\User\globalStorage\redhat.java\1.37.0\config_win\org.eclipse.equinox.launcher\org.eclipse.equinox.launcher.win32.win32.x86_64_1.2.1100.v20240722-2106\eclipse_11904.dll
Event: 6.929 Loaded shared library C:\Users\StoneTec\AppData\Local\Temp\jna-1778097549\jna12473012539472109131.dll
Event: 37.497 Loaded shared library C:\Users\StoneTec\.vscode\extensions\redhat.java-1.37.0-win32-x64\jre\17.0.13-win32-x86_64\bin\extnet.dll

Deoptimization events (20 events):
Event: 60.006 Thread 0x0000027da2a14050 DEOPT PACKING pc=0x0000027d93807254 sp=0x000000f5e29fec10
Event: 60.006 Thread 0x0000027da2a14050 DEOPT UNPACKING pc=0x0000027d92c466a3 sp=0x000000f5e29feba0 mode 2
Event: 60.309 Thread 0x0000027da43d4560 DEOPT PACKING pc=0x0000027d8bf7449a sp=0x000000f5e3ffed00
Event: 60.309 Thread 0x0000027da43d4560 DEOPT UNPACKING pc=0x0000027d92c46e43 sp=0x000000f5e3ffe1b8 mode 0
Event: 62.302 Thread 0x0000027da24e2780 Uncommon trap: trap_request=0xffffff45 fr.pc=0x0000027d935b59fc relative=0x000000000000025c
Event: 62.302 Thread 0x0000027da24e2780 Uncommon trap: reason=unstable_if action=reinterpret pc=0x0000027d935b59fc method=java.io.BufferedOutputStream.write([BII)V @ 6 c2
Event: 62.302 Thread 0x0000027da24e2780 DEOPT PACKING pc=0x0000027d935b59fc sp=0x000000f5e45fecc0
Event: 62.302 Thread 0x0000027da24e2780 DEOPT UNPACKING pc=0x0000027d92c466a3 sp=0x000000f5e45fec88 mode 2
Event: 71.428 Thread 0x0000027da43d21f0 Uncommon trap: trap_request=0xffffffde fr.pc=0x0000027d935af6e8 relative=0x0000000000000068
Event: 71.428 Thread 0x0000027da43d21f0 Uncommon trap: reason=class_check action=maybe_recompile pc=0x0000027d935af6e8 method=java.util.LinkedHashMap.afterNodeInsertion(Z)V @ 15 c2
Event: 71.429 Thread 0x0000027da43d21f0 DEOPT PACKING pc=0x0000027d935af6e8 sp=0x000000f5e3dfe970
Event: 71.429 Thread 0x0000027da43d21f0 DEOPT UNPACKING pc=0x0000027d92c466a3 sp=0x000000f5e3dfe8e8 mode 2
Event: 71.854 Thread 0x0000027da43d21f0 Uncommon trap: trap_request=0xffffffde fr.pc=0x0000027d935af6e8 relative=0x0000000000000068
Event: 71.854 Thread 0x0000027da43d21f0 Uncommon trap: reason=class_check action=maybe_recompile pc=0x0000027d935af6e8 method=java.util.LinkedHashMap.afterNodeInsertion(Z)V @ 15 c2
Event: 71.854 Thread 0x0000027da43d21f0 DEOPT PACKING pc=0x0000027d935af6e8 sp=0x000000f5e3dfe970
Event: 71.854 Thread 0x0000027da43d21f0 DEOPT UNPACKING pc=0x0000027d92c466a3 sp=0x000000f5e3dfe8e8 mode 2
Event: 72.107 Thread 0x0000027da43ce530 DEOPT PACKING pc=0x0000027d8bab35a2 sp=0x000000f5e34fd830
Event: 72.107 Thread 0x0000027da43ce530 DEOPT UNPACKING pc=0x0000027d92c46e43 sp=0x000000f5e34fcd48 mode 0
Event: 72.308 Thread 0x0000027da2a14f80 DEOPT PACKING pc=0x0000027d8c6a4f37 sp=0x000000f5e25fe1d0
Event: 72.308 Thread 0x0000027da2a14f80 DEOPT UNPACKING pc=0x0000027d92c46e43 sp=0x000000f5e25fd6f0 mode 0

Classes loaded (20 events):
Event: 42.648 Loading class java/util/concurrent/CompletableFuture$UniHandle
Event: 42.649 Loading class java/util/concurrent/CompletableFuture$UniHandle done
Event: 49.424 Loading class sun/nio/fs/WindowsFileCopy
Event: 49.424 Loading class sun/nio/fs/WindowsFileCopy done
Event: 53.395 Loading class java/util/regex/Pattern$1
Event: 53.396 Loading class java/util/regex/Pattern$1 done
Event: 53.442 Loading class java/util/stream/ReduceOps$2
Event: 53.442 Loading class java/util/stream/ReduceOps$2 done
Event: 53.443 Loading class java/util/stream/ReduceOps$2ReducingSink
Event: 53.443 Loading class java/util/stream/ReduceOps$2ReducingSink done
Event: 53.623 Loading class jdk/internal/ref/CleanerImpl$InnocuousThreadFactory
Event: 53.623 Loading class jdk/internal/ref/CleanerImpl$InnocuousThreadFactory done
Event: 55.870 Loading class java/util/concurrent/locks/ReentrantReadWriteLock$Sync$HoldCounter
Event: 55.870 Loading class java/util/concurrent/locks/ReentrantReadWriteLock$Sync$HoldCounter done
Event: 58.809 Loading class java/util/stream/DistinctOps
Event: 58.809 Loading class java/util/stream/DistinctOps done
Event: 58.809 Loading class java/util/stream/DistinctOps$1
Event: 58.809 Loading class java/util/stream/DistinctOps$1 done
Event: 58.814 Loading class java/util/stream/DistinctOps$1$2
Event: 58.814 Loading class java/util/stream/DistinctOps$1$2 done

Classes unloaded (8 events):
Event: 11.802 Thread 0x0000027d9c856260 Unloading class 0x0000000100348800 'java/lang/invoke/LambdaForm$MH+0x0000000100348800'
Event: 11.802 Thread 0x0000027d9c856260 Unloading class 0x000000010025a000 'java/lang/invoke/LambdaForm$MH+0x000000010025a000'
Event: 11.802 Thread 0x0000027d9c856260 Unloading class 0x0000000100259c00 'java/lang/invoke/LambdaForm$MH+0x0000000100259c00'
Event: 11.802 Thread 0x0000027d9c856260 Unloading class 0x0000000100259800 'java/lang/invoke/LambdaForm$MH+0x0000000100259800'
Event: 11.802 Thread 0x0000027d9c856260 Unloading class 0x0000000100259400 'java/lang/invoke/LambdaForm$MH+0x0000000100259400'
Event: 11.802 Thread 0x0000027d9c856260 Unloading class 0x0000000100259000 'java/lang/invoke/LambdaForm$BMH+0x0000000100259000'
Event: 11.802 Thread 0x0000027d9c856260 Unloading class 0x0000000100258c00 'java/lang/invoke/LambdaForm$DMH+0x0000000100258c00'
Event: 11.802 Thread 0x0000027d9c856260 Unloading class 0x0000000100254400 'java/lang/invoke/LambdaForm$DMH+0x0000000100254400'

Classes redefined (0 events):
No events

Internal exceptions (20 events):
Event: 37.359 Thread 0x0000027da43d0db0 Exception <a 'sun/nio/fs/WindowsException'{0x00000000eab02258}> (0x00000000eab02258) 
thrown [s\src\hotspot\share\prims\jni.cpp, line 516]
Event: 37.360 Thread 0x0000027da43d0db0 Exception <a 'sun/nio/fs/WindowsException'{0x00000000eab03830}> (0x00000000eab03830) 
thrown [s\src\hotspot\share\prims\jni.cpp, line 516]
Event: 37.360 Thread 0x0000027da43d0db0 Exception <a 'sun/nio/fs/WindowsException'{0x00000000eab03e68}> (0x00000000eab03e68) 
thrown [s\src\hotspot\share\prims\jni.cpp, line 516]
Event: 37.559 Thread 0x0000027da43d0390 Exception <a 'java/io/FileNotFoundException'{0x00000000eb15db38}> (0x00000000eb15db38) 
thrown [s\src\hotspot\share\prims\jni.cpp, line 516]
Event: 37.814 Thread 0x0000027da43d0390 Exception <a 'java/lang/NoSuchMethodError'{0x00000000eb144f30}: 'java.lang.Object java.lang.invoke.DirectMethodHandle$Holder.invokeVirtual(java.lang.Object, java.lang.Object, java.lang.Object, java.lang.Object)'> (0x00000000eb144f30) 
thrown [s\src\hotspot\share\interpreter\linkResolver.cpp, line 759]
Event: 37.904 Thread 0x0000027da2a14a70 Exception <a 'java/lang/NoSuchMethodError'{0x00000000ead2f860}: 'java.lang.Object java.lang.invoke.DirectMethodHandle$Holder.invokeStatic(java.lang.Object, long, java.lang.Object, java.lang.Object)'> (0x00000000ead2f860) 
thrown [s\src\hotspot\share\interpreter\linkResolver.cpp, line 759]
Event: 37.906 Thread 0x0000027da2a14a70 Exception <a 'java/lang/NoSuchMethodError'{0x00000000ead36400}: 'java.lang.Object java.lang.invoke.DirectMethodHandle$Holder.newInvokeSpecial(java.lang.Object, long)'> (0x00000000ead36400) 
thrown [s\src\hotspot\share\interpreter\linkResolver.cpp, line 759]
Event: 41.511 Thread 0x0000027da43d12c0 Exception <a 'java/lang/ArrayIndexOutOfBoundsException'{0x00000000eb927288}: Index 680 out of bounds for length 679> (0x00000000eb927288) 
thrown [s\src\hotspot\share\interpreter\interpreterRuntime.cpp, line 428]
Event: 42.144 Thread 0x0000027da43d12c0 Exception <a 'java/lang/ArrayIndexOutOfBoundsException'{0x00000000eac6c8f8}> (0x00000000eac6c8f8) 
thrown [s\src\hotspot\share\runtime\sharedRuntime.cpp, line 631]
Event: 49.425 Thread 0x0000027da2a14050 Exception <a 'sun/nio/fs/WindowsException'{0x00000000eab056c0}> (0x00000000eab056c0) 
thrown [s\src\hotspot\share\prims\jni.cpp, line 516]
Event: 53.848 Thread 0x0000027da43d12c0 Exception <a 'java/lang/NoSuchMethodError'{0x00000000eb284f60}: 'java.lang.Object java.lang.invoke.DirectMethodHandle$Holder.invokeStatic(java.lang.Object, int, java.lang.Object, java.lang.Object, java.lang.Object, java.lang.Object)'> (0x00000000eb284f60) 
thrown [s\src\hotspot\share\interpreter\linkResolver.cpp, line 759]
Event: 58.657 Thread 0x0000027da2a14050 Exception <a 'sun/nio/fs/WindowsException'{0x00000000eb06cb08}> (0x00000000eb06cb08) 
thrown [s\src\hotspot\share\prims\jni.cpp, line 516]
Event: 59.009 Thread 0x0000027da43d21f0 Exception <a 'sun/nio/fs/WindowsException'{0x00000000eab22b00}> (0x00000000eab22b00) 
thrown [s\src\hotspot\share\prims\jni.cpp, line 516]
Event: 59.010 Thread 0x0000027da43d21f0 Exception <a 'sun/nio/fs/WindowsException'{0x00000000eab23158}> (0x00000000eab23158) 
thrown [s\src\hotspot\share\prims\jni.cpp, line 516]
Event: 59.014 Thread 0x0000027da43d21f0 Exception <a 'sun/nio/fs/WindowsException'{0x00000000eab43098}> (0x00000000eab43098) 
thrown [s\src\hotspot\share\prims\jni.cpp, line 516]
Event: 59.017 Thread 0x0000027da43d21f0 Exception <a 'sun/nio/fs/WindowsException'{0x00000000eab43978}> (0x00000000eab43978) 
thrown [s\src\hotspot\share\prims\jni.cpp, line 516]
Event: 59.018 Thread 0x0000027da43d21f0 Exception <a 'sun/nio/fs/WindowsException'{0x00000000eab451c8}> (0x00000000eab451c8) 
thrown [s\src\hotspot\share\prims\jni.cpp, line 516]
Event: 59.018 Thread 0x0000027da43d21f0 Exception <a 'sun/nio/fs/WindowsException'{0x00000000eab45800}> (0x00000000eab45800) 
thrown [s\src\hotspot\share\prims\jni.cpp, line 516]
Event: 60.638 Thread 0x0000027da2a14050 Exception <a 'sun/nio/fs/WindowsException'{0x00000000eab71ac8}> (0x00000000eab71ac8) 
thrown [s\src\hotspot\share\prims\jni.cpp, line 516]
Event: 64.098 Thread 0x0000027da43d21f0 Exception <a 'java/lang/ArrayIndexOutOfBoundsException'{0x00000000eafdd0a0}> (0x00000000eafdd0a0) 
thrown [s\src\hotspot\share\runtime\sharedRuntime.cpp, line 631]

VM Operations (20 events):
Event: 58.430 Executing VM operation: HandshakeAllThreads
Event: 58.447 Executing VM operation: HandshakeAllThreads done
Event: 58.986 Executing VM operation: ParallelGCFailedAllocation
Event: 59.008 Executing VM operation: ParallelGCFailedAllocation done
Event: 60.084 Executing VM operation: ParallelGCFailedAllocation
Event: 60.092 Executing VM operation: ParallelGCFailedAllocation done
Event: 60.155 Executing VM operation: HandshakeAllThreads
Event: 60.155 Executing VM operation: HandshakeAllThreads done
Event: 61.155 Executing VM operation: Cleanup
Event: 61.155 Executing VM operation: Cleanup done
Event: 62.159 Executing VM operation: Cleanup
Event: 62.159 Executing VM operation: Cleanup done
Event: 63.168 Executing VM operation: Cleanup
Event: 63.168 Executing VM operation: Cleanup done
Event: 65.179 Executing VM operation: Cleanup
Event: 65.180 Executing VM operation: Cleanup done
Event: 71.232 Executing VM operation: Cleanup
Event: 71.232 Executing VM operation: Cleanup done
Event: 71.837 Executing VM operation: ParallelGCFailedAllocation
Event: 71.843 Executing VM operation: ParallelGCFailedAllocation done

Memory protections (0 events):
No events

Nmethod flushes (20 events):
Event: 43.114 Thread 0x0000027da1b04250 flushing  nmethod 0x0000027d8c72df10
Event: 43.114 Thread 0x0000027da1b04250 flushing  nmethod 0x0000027d8c72ea90
Event: 43.114 Thread 0x0000027da1b04250 flushing  nmethod 0x0000027d8c72fb90
Event: 43.114 Thread 0x0000027da1b04250 flushing  nmethod 0x0000027d8c730290
Event: 43.114 Thread 0x0000027da1b04250 flushing  nmethod 0x0000027d8c734890
Event: 43.114 Thread 0x0000027da1b04250 flushing  nmethod 0x0000027d8c734e10
Event: 43.114 Thread 0x0000027da1b04250 flushing  nmethod 0x0000027d8c735d10
Event: 43.114 Thread 0x0000027da1b04250 flushing  nmethod 0x0000027d8c738290
Event: 43.114 Thread 0x0000027da1b04250 flushing  nmethod 0x0000027d8c740d10
Event: 43.114 Thread 0x0000027da1b04250 flushing  nmethod 0x0000027d8c748e90
Event: 43.114 Thread 0x0000027da1b04250 flushing  nmethod 0x0000027d8c75bf90
Event: 58.453 Thread 0x0000027da1b04250 flushing  nmethod 0x0000027d8b8a2990
Event: 58.456 Thread 0x0000027da1b04250 flushing  nmethod 0x0000027d8bcb7c10
Event: 58.459 Thread 0x0000027da1b04250 flushing  nmethod 0x0000027d8c060d90
Event: 58.460 Thread 0x0000027da1b04250 flushing  nmethod 0x0000027d8c08f910
Event: 58.460 Thread 0x0000027da1b04250 flushing  nmethod 0x0000027d8c099090
Event: 58.461 Thread 0x0000027da1b04250 flushing  nmethod 0x0000027d8c1b3710
Event: 58.465 Thread 0x0000027da1b04250 flushing  nmethod 0x0000027d8c550a90
Event: 58.467 Thread 0x0000027da1b04250 flushing  nmethod 0x0000027d8c798310
Event: 58.467 Thread 0x0000027da1b04250 flushing  nmethod 0x0000027d8c7a1710

Events (20 events):
Event: 54.437 Thread 0x0000027da5a2e060 Thread exited: 0x0000027da5a2e060
Event: 54.680 Thread 0x0000027da1b00d10 Thread added: 0x0000027da5a2f5a0
Event: 55.427 Thread 0x0000027da5a2f5a0 Thread exited: 0x0000027da5a2f5a0
Event: 55.929 Thread 0x0000027da1b00d10 Thread added: 0x0000027da5a2cb20
Event: 57.930 Thread 0x0000027da5a2cb20 Thread exited: 0x0000027da5a2cb20
Event: 58.385 Thread 0x0000027da1b00d10 Thread added: 0x0000027da5a280c0
Event: 59.087 Thread 0x0000027da43cef50 Thread added: 0x0000027da24e2780
Event: 59.100 Thread 0x0000027da24e2780 Thread added: 0x0000027da24e36b0
Event: 59.115 Thread 0x0000027da24e36b0 Thread added: 0x0000027da24e5000
Event: 59.437 Thread 0x0000027da5a280c0 Thread exited: 0x0000027da5a280c0
Event: 60.357 Thread 0x0000027da1b00d10 Thread added: 0x0000027da5a28610
Event: 60.641 Thread 0x0000027da5a28610 Thread exited: 0x0000027da5a28610
Event: 61.676 Thread 0x0000027da24e2780 Thread added: 0x0000027da24e1d60
Event: 61.677 Thread 0x0000027da24e5000 Thread exited: 0x0000027da24e5000
Event: 62.101 Thread 0x0000027da24e1d60 Thread added: 0x0000027da24e6440
Event: 62.106 Thread 0x0000027da24e1d60 Thread exited: 0x0000027da24e1d60
Event: 62.304 Thread 0x0000027da24e36b0 Thread exited: 0x0000027da24e36b0
Event: 71.428 Thread 0x0000027da1b00d10 Thread added: 0x0000027da5a2bb30
Event: 71.646 Thread 0x0000027da5a2bb30 Thread exited: 0x0000027da5a2bb30
Event: 72.117 Thread 0x0000027da1b00d10 Thread added: 0x0000027da5a280c0


Dynamic libraries:
0x00007ff714e00000 - 0x00007ff714e0e000 	c:\Users\StoneTec\.vscode\extensions\redhat.java-1.37.0-win32-x64\jre\17.0.13-win32-x86_64\bin\java.exe
0x00007ffb6e0b0000 - 0x00007ffb6e2a8000 	C:\Windows\SYSTEM32\ntdll.dll
0x00007ffb6c730000 - 0x00007ffb6c7f1000 	C:\Windows\System32\KERNEL32.DLL
0x00007ffb6bd90000 - 0x00007ffb6c08d000 	C:\Windows\System32\KERNELBASE.dll
0x00007ffb6bac0000 - 0x00007ffb6bbc0000 	C:\Windows\System32\ucrtbase.dll
0x00007ffb64590000 - 0x00007ffb645a7000 	c:\Users\StoneTec\.vscode\extensions\redhat.java-1.37.0-win32-x64\jre\17.0.13-win32-x86_64\bin\jli.dll
0x00007ffb6cb80000 - 0x00007ffb6cd1d000 	C:\Windows\System32\USER32.dll
0x00007ffb6bc30000 - 0x00007ffb6bc52000 	C:\Windows\System32\win32u.dll
0x00007ffb6d1a0000 - 0x00007ffb6d1cb000 	C:\Windows\System32\GDI32.dll
0x00007ffb6b9a0000 - 0x00007ffb6bab7000 	C:\Windows\System32\gdi32full.dll
0x00007ffb6bcf0000 - 0x00007ffb6bd8d000 	C:\Windows\System32\msvcp_win.dll
0x00007ffb644e0000 - 0x00007ffb644fe000 	c:\Users\StoneTec\.vscode\extensions\redhat.java-1.37.0-win32-x64\jre\17.0.13-win32-x86_64\bin\VCRUNTIME140.dll
0x00007ffb59c80000 - 0x00007ffb59f1a000 	C:\Windows\WinSxS\amd64_microsoft.windows.common-controls_6595b64144ccf1df_6.0.19041.4355_none_60b8b9eb71f62e16\COMCTL32.dll
0x00007ffb6c510000 - 0x00007ffb6c5ae000 	C:\Windows\System32\msvcrt.dll
0x00007ffb6d170000 - 0x00007ffb6d19f000 	C:\Windows\System32\IMM32.DLL
0x00007ffb655b0000 - 0x00007ffb655bc000 	c:\Users\StoneTec\.vscode\extensions\redhat.java-1.37.0-win32-x64\jre\17.0.13-win32-x86_64\bin\vcruntime140_1.dll
0x00007ffb4db60000 - 0x00007ffb4dbed000 	c:\Users\StoneTec\.vscode\extensions\redhat.java-1.37.0-win32-x64\jre\17.0.13-win32-x86_64\bin\msvcp140.dll
0x00007ffb02410000 - 0x00007ffb0307b000 	c:\Users\StoneTec\.vscode\extensions\redhat.java-1.37.0-win32-x64\jre\17.0.13-win32-x86_64\bin\server\jvm.dll
0x00007ffb6d1d0000 - 0x00007ffb6d280000 	C:\Windows\System32\ADVAPI32.dll
0x00007ffb6cfa0000 - 0x00007ffb6d040000 	C:\Windows\System32\sechost.dll
0x00007ffb6d040000 - 0x00007ffb6d163000 	C:\Windows\System32\RPCRT4.dll
0x00007ffb6b810000 - 0x00007ffb6b837000 	C:\Windows\System32\bcrypt.dll
0x00007ffb6c6c0000 - 0x00007ffb6c72b000 	C:\Windows\System32\WS2_32.dll
0x00007ffb6b5c0000 - 0x00007ffb6b60b000 	C:\Windows\SYSTEM32\POWRPROF.dll
0x00007ffb5a020000 - 0x00007ffb5a047000 	C:\Windows\SYSTEM32\WINMM.dll
0x00007ffb5d540000 - 0x00007ffb5d54a000 	C:\Windows\SYSTEM32\VERSION.dll
0x00007ffb6b5a0000 - 0x00007ffb6b5b2000 	C:\Windows\SYSTEM32\UMPDC.dll
0x00007ffb69600000 - 0x00007ffb69612000 	C:\Windows\SYSTEM32\kernel.appcore.dll
0x00007ffb64680000 - 0x00007ffb6468a000 	c:\Users\StoneTec\.vscode\extensions\redhat.java-1.37.0-win32-x64\jre\17.0.13-win32-x86_64\bin\jimage.dll
0x00007ffb5b810000 - 0x00007ffb5b9f4000 	C:\Windows\SYSTEM32\DBGHELP.DLL
0x00007ffb5b520000 - 0x00007ffb5b554000 	C:\Windows\SYSTEM32\dbgcore.DLL
0x00007ffb6bc60000 - 0x00007ffb6bce2000 	C:\Windows\System32\bcryptPrimitives.dll
0x00007ffb64580000 - 0x00007ffb6458e000 	c:\Users\StoneTec\.vscode\extensions\redhat.java-1.37.0-win32-x64\jre\17.0.13-win32-x86_64\bin\instrument.dll
0x00007ffb58fa0000 - 0x00007ffb58fc5000 	c:\Users\StoneTec\.vscode\extensions\redhat.java-1.37.0-win32-x64\jre\17.0.13-win32-x86_64\bin\java.dll
0x00007ffb643c0000 - 0x00007ffb643d8000 	c:\Users\StoneTec\.vscode\extensions\redhat.java-1.37.0-win32-x64\jre\17.0.13-win32-x86_64\bin\zip.dll
0x00007ffb6d430000 - 0x00007ffb6db9f000 	C:\Windows\System32\SHELL32.dll
0x00007ffb69800000 - 0x00007ffb69fa3000 	C:\Windows\SYSTEM32\windows.storage.dll
0x00007ffb6c1a0000 - 0x00007ffb6c4f3000 	C:\Windows\System32\combase.dll
0x00007ffb6b0c0000 - 0x00007ffb6b0ee000 	C:\Windows\SYSTEM32\Wldp.dll
0x00007ffb6c9b0000 - 0x00007ffb6ca7d000 	C:\Windows\System32\OLEAUT32.dll
0x00007ffb6cd20000 - 0x00007ffb6cdcd000 	C:\Windows\System32\SHCORE.dll
0x00007ffb6c0e0000 - 0x00007ffb6c135000 	C:\Windows\System32\shlwapi.dll
0x00007ffb6b690000 - 0x00007ffb6b6b4000 	C:\Windows\SYSTEM32\profapi.dll
0x00007ffb57b50000 - 0x00007ffb57b69000 	C:\Users\StoneTec\.vscode\extensions\redhat.java-1.37.0-win32-x64\jre\17.0.13-win32-x86_64\bin\net.dll
0x00007ffb65b10000 - 0x00007ffb65c1d000 	C:\Windows\SYSTEM32\WINHTTP.dll
0x00007ffb6ae20000 - 0x00007ffb6ae8a000 	C:\Windows\system32\mswsock.dll
0x00007ffb55e10000 - 0x00007ffb55e26000 	C:\Users\StoneTec\.vscode\extensions\redhat.java-1.37.0-win32-x64\jre\17.0.13-win32-x86_64\bin\nio.dll
0x00007ffb63bc0000 - 0x00007ffb63bd0000 	c:\Users\StoneTec\.vscode\extensions\redhat.java-1.37.0-win32-x64\jre\17.0.13-win32-x86_64\bin\verify.dll
0x00007ffb46e80000 - 0x00007ffb46ec5000 	C:\Users\StoneTec\AppData\Roaming\Code\User\globalStorage\redhat.java\1.37.0\config_win\org.eclipse.equinox.launcher\org.eclipse.equinox.launcher.win32.win32.x86_64_1.2.1100.v20240722-2106\eclipse_11904.dll
0x00007ffb6ce70000 - 0x00007ffb6cf9b000 	C:\Windows\System32\ole32.dll
0x00007ffb6b020000 - 0x00007ffb6b038000 	C:\Windows\SYSTEM32\CRYPTSP.dll
0x00007ffb6a740000 - 0x00007ffb6a774000 	C:\Windows\system32\rsaenh.dll
0x00007ffb6b610000 - 0x00007ffb6b63e000 	C:\Windows\SYSTEM32\USERENV.dll
0x00007ffb6b010000 - 0x00007ffb6b01c000 	C:\Windows\SYSTEM32\CRYPTBASE.dll
0x00007ffb6ab00000 - 0x00007ffb6ab3b000 	C:\Windows\SYSTEM32\IPHLPAPI.DLL
0x00007ffb6c500000 - 0x00007ffb6c508000 	C:\Windows\System32\NSI.dll
0x00007ffb65a50000 - 0x00007ffb65a67000 	C:\Windows\SYSTEM32\dhcpcsvc6.DLL
0x00007ffb65960000 - 0x00007ffb6597d000 	C:\Windows\SYSTEM32\dhcpcsvc.DLL
0x00007ffb6ab40000 - 0x00007ffb6ac0a000 	C:\Windows\SYSTEM32\DNSAPI.dll
0x00007ffb46de0000 - 0x00007ffb46e29000 	C:\Users\StoneTec\AppData\Local\Temp\jna-1778097549\jna12473012539472109131.dll
0x00007ffb6ce60000 - 0x00007ffb6ce68000 	C:\Windows\System32\PSAPI.DLL
0x00007ffb5f5d0000 - 0x00007ffb5f5d9000 	C:\Users\StoneTec\.vscode\extensions\redhat.java-1.37.0-win32-x64\jre\17.0.13-win32-x86_64\bin\extnet.dll

dbghelp: loaded successfully - version: 4.0.5 - missing functions: none
symbol engine: initialized successfully - sym options: 0x614 - pdb path: .;c:\Users\StoneTec\.vscode\extensions\redhat.java-1.37.0-win32-x64\jre\17.0.13-win32-x86_64\bin;C:\Windows\SYSTEM32;C:\Windows\WinSxS\amd64_microsoft.windows.common-controls_6595b64144ccf1df_6.0.19041.4355_none_60b8b9eb71f62e16;c:\Users\StoneTec\.vscode\extensions\redhat.java-1.37.0-win32-x64\jre\17.0.13-win32-x86_64\bin\server;C:\Users\StoneTec\AppData\Roaming\Code\User\globalStorage\redhat.java\1.37.0\config_win\org.eclipse.equinox.launcher\org.eclipse.equinox.launcher.win32.win32.x86_64_1.2.1100.v20240722-2106;C:\Users\StoneTec\AppData\Local\Temp\jna-1778097549

VM Arguments:
jvm_args: --add-modules=ALL-SYSTEM --add-opens=java.base/java.util=ALL-UNNAMED --add-opens=java.base/java.lang=ALL-UNNAMED --add-opens=java.base/sun.nio.fs=ALL-UNNAMED -Declipse.application=org.eclipse.jdt.ls.core.id1 -Dosgi.bundles.defaultStartLevel=4 -Declipse.product=org.eclipse.jdt.ls.core.product -Djava.import.generatesMetadataFilesAtProjectRoot=false -DDetectVMInstallationsJob.disabled=true -Dfile.encoding=utf8 -XX:+UseParallelGC -XX:GCTimeRatio=4 -XX:AdaptiveSizePolicyWeight=90 -Dsun.zip.disableMemoryMapping=true -Xmx1G -Xms100m -Xlog:disable -javaagent:c:\Users\StoneTec\.vscode\extensions\redhat.java-1.37.0-win32-x64\lombok\lombok-1.18.34.jar -XX:+HeapDumpOnOutOfMemoryError -XX:HeapDumpPath=c:\Users\StoneTec\AppData\Roaming\Code\User\workspaceStorage\4c62a3bcc9067d114ca5f7fbdce7ed60\redhat.java -Daether.dependencyCollector.impl=bf 
java_command: c:\Users\StoneTec\.vscode\extensions\redhat.java-1.37.0-win32-x64\server\plugins\org.eclipse.equinox.launcher_1.6.900.v20240613-2009.jar -configuration c:\Users\StoneTec\AppData\Roaming\Code\User\globalStorage\redhat.java\1.37.0\config_win -data c:\Users\StoneTec\AppData\Roaming\Code\User\workspaceStorage\4c62a3bcc9067d114ca5f7fbdce7ed60\redhat.java\jdt_ws --pipe=\\.\pipe\lsp-2bff3109669edcd1bf2349a55a175b31-sock
java_class_path (initial): c:\Users\StoneTec\.vscode\extensions\redhat.java-1.37.0-win32-x64\server\plugins\org.eclipse.equinox.launcher_1.6.900.v20240613-2009.jar
Launcher Type: SUN_STANDARD

[Global flags]
    uintx AdaptiveSizePolicyWeight                 = 90                                        {product} {command line}
     intx CICompilerCount                          = 3                                         {product} {ergonomic}
    uintx GCTimeRatio                              = 4                                         {product} {command line}
     bool HeapDumpOnOutOfMemoryError               = true                                   {manageable} {command line}
    ccstr HeapDumpPath                             = c:\Users\StoneTec\AppData\Roaming\Code\User\workspaceStorage\4c62a3bcc9067d114ca5f7fbdce7ed60\redhat.java         {manageable} {command line}
   size_t InitialHeapSize                          = 104857600                                 {product} {command line}
   size_t MaxHeapSize                              = 1073741824                                {product} {command line}
   size_t MaxNewSize                               = 357564416                                 {product} {ergonomic}
   size_t MinHeapDeltaBytes                        = 524288                                    {product} {ergonomic}
   size_t MinHeapSize                              = 104857600                                 {product} {command line}
   size_t NewSize                                  = 34603008                                  {product} {ergonomic}
    uintx NonNMethodCodeHeapSize                   = 5832780                                {pd product} {ergonomic}
    uintx NonProfiledCodeHeapSize                  = 122912730                              {pd product} {ergonomic}
   size_t OldSize                                  = 70254592                                  {product} {ergonomic}
    uintx ProfiledCodeHeapSize                     = 122912730                              {pd product} {ergonomic}
    uintx ReservedCodeCacheSize                    = 251658240                              {pd product} {ergonomic}
     bool SegmentedCodeCache                       = true                                      {product} {ergonomic}
   size_t SoftMaxHeapSize                          = 1073741824                             {manageable} {ergonomic}
     bool UseCompressedClassPointers               = true                           {product lp64_product} {ergonomic}
     bool UseCompressedOops                        = true                           {product lp64_product} {ergonomic}
     bool UseLargePagesIndividualAllocation        = false                                  {pd product} {ergonomic}
     bool UseParallelGC                            = true                                      {product} {command line}

Logging:
Log output configuration:
 #0: stdout all=off uptime,level,tags
 #1: stderr all=off uptime,level,tags

Environment Variables:
PATH=C:\Program Files\Common Files\Oracle\Java\javapath;C:\Program Files (x86)\Common Files\Oracle\Java\java8path;C:\Program Files (x86)\Common Files\Oracle\Java\javapath;C:\Program Files (x86)\Embarcadero\Studio\19.0\bin;C:\Users\Public\Documents\Embarcadero\Studio\19.0\Bpl;C:\Program Files (x86)\Embarcadero\Studio\19.0\bin64;C:\Users\Public\Documents\Embarcadero\Studio\19.0\Bpl\Win64;C:\Windows\system32;C:\Windows;C:\Windows\System32\Wbem;C:\Windows\System32\WindowsPowerShell\v1.0\;C:\Windows\System32\OpenSSH\;C:\Program Files (x86)\Intel\OpenCL SDK\2.0\bin\x86;C:\Program Files (x86)\Intel\OpenCL SDK\2.0\bin\x64;C:\Program Files (x86)\Windows Kits\10\Windows Performance Toolkit\;C:\Program Files (x86)\Toshiba\Bluetooth Toshiba Stack\sys\;C:\Program Files (x86)\Toshiba\Bluetooth Toshiba Stack\sys\x64\;C:\Program Files\Git\cmd;C:\Program Files\MySQL\MySQL Shell 8.0\bin\;C:\Users\StoneTec\AppData\Local\Microsoft\WindowsApps;C:\Users\StoneTec\AppData\Local\Programs\Microsoft VS Code\bin;C:\Users\StoneTec\AppData\Local\GitHubDesktop\bin;G:\PortableApps\GitHubDesktopPortable\App\GitHubDesktop\bin
USERNAME=StoneTec
OS=Windows_NT
PROCESSOR_IDENTIFIER=Intel64 Family 6 Model 42 Stepping 7, GenuineIntel
TMP=C:\Users\StoneTec\AppData\Local\Temp
TEMP=C:\Users\StoneTec\AppData\Local\Temp



Periodic native trim disabled


---------------  S Y S T E M  ---------------

OS:
 Windows 10 , 64 bit Build 19041 (10.0.19041.4842)
OS uptime: 0 days 19:29 hours

CPU: total 4 (initial active 4) (2 cores per cpu, 2 threads per core) family 6 model 42 stepping 7 microcode 0x2f, cx8, cmov, fxsr, ht, mmx, sse, sse2, sse3, ssse3, sse4.1, sse4.2, popcnt, tsc, tscinvbit, avx, clmul, vzeroupper, clflush
Processor Information for all 4 processors :
  Max Mhz: 3100, Current Mhz: 3100, Mhz Limit: 3100

Memory: 4k page, system-wide physical 8075M (1157M free)
TotalPageFile size 12547M (AvailPageFile size 5M)
current process WorkingSet (physical memory assigned to process): 747M, peak: 765M
current process commit charge ("private bytes"): 686M, peak: 709M

vm_info: OpenJDK 64-Bit Server VM (17.0.13+11) for windows-amd64 JRE (17.0.13+11), built on Oct 16 2024 00:10:08 by "admin" with MS VC++ 17.7 (VS2022)

END.
